<?xml version="1.0" encoding="UTF-8"?>
<!-- Generated by org.testng.reporters.JUnitXMLReporter -->
<testsuite ignored="0" hostname="C40LAP-12601" failures="0" tests="5" name="Lendistry ACNPO Module_2" time="1822.827" errors="0" timestamp="2022-07-14T11:52:11 IST">
  <testcase classname="CRGAcNonProfit.TC009_ACNPO_CRG_NonProfitIncomplete" name="testB" time="357.814"/>
  <testcase classname="CRGAcNonProfit.TC010_ACNPO_CRG_NetworkSelection" name="testB" time="646.15"/>
  <testcase classname="CRGAcNonProfit.TC011_ACNPO_CRG_DocUpload" name="testB" time="453.799"/>
  <testcase classname="CRGAcNonProfit.TC012_ACNPO_UW_DocUploadToCloseDoc" name="testB" time="216.84"/>
  <testcase classname="CRGAcNonProfit.TC013_ACNPO_SF_ConvertExistingLead" name="testB" time="147.225"/>
</testsuite> <!-- Lendistry ACNPO Module_2 -->
