<?xml version="1.0" encoding="UTF-8"?>
<!-- Generated by org.testng.reporters.JUnitXMLReporter -->
<testsuite ignored="0" hostname="C40LAP-12601" failures="0" tests="2" name="Lendistry CRG ACNPO Module_2" time="472.12" errors="0" timestamp="2022-07-13T20:37:11 IST">
  <testcase classname="CRGAcNonProfit.TC012_ACNPO_UW_DocUploadToCloseDoc" name="testB" time="255.27"/>
  <testcase classname="CRGAcNonProfit.TC013_ACNPO_SF_ConvertExistingLead" name="testB" time="213.588"/>
</testsuite> <!-- Lendistry CRG ACNPO Module_2 -->
