<?xml version="1.0" encoding="UTF-8"?>
<!-- Generated by org.testng.reporters.JUnitXMLReporter -->
<testsuite ignored="0" hostname="C40LAP-12601" failures="0" tests="5" name="Lendistry NPO Module_2" time="1866.079" errors="0" timestamp="2022-07-14T11:23:11 IST">
  <testcase classname="CRGNonProfit.TC009_NPO_CRG_NonProfitIncomplete" name="testB" time="369.031"/>
  <testcase classname="CRGNonProfit.TC010_NPO_CRG_NetworkSelection" name="testB" time="665.662"/>
  <testcase classname="CRGNonProfit.TC011_NPO_CRG_DocUpload" name="testB" time="455.198"/>
  <testcase classname="CRGNonProfit.TC012_NPO_UW_DocUploadToCloseDoc" name="testB" time="214.077"/>
  <testcase classname="CRGNonProfit.TC013_NPO_SF_ConvertExistingLead" name="testB" time="159.637"/>
</testsuite> <!-- Lendistry NPO Module_2 -->
