<?xml version="1.0" encoding="UTF-8"?>
<!-- Generated by org.testng.reporters.JUnitXMLReporter -->
<testsuite ignored="0" hostname="C40LAP-12601" failures="0" tests="8" name="Lendistry test NYR Module_1" time="2088.656" errors="0" timestamp="2022-07-13T17:52:25 IST">
  <testcase classname="LendistryNYR.TC001_NYRPortal" name="testB" time="431.711"/>
  <testcase classname="LendistryNYR.TC002_NYR_SF_LeadVerification" name="testB" time="147.801"/>
  <testcase classname="LendistryNYR.TC003_NYR_SF_EditLead" name="testB" time="128.739"/>
  <testcase classname="LendistryNYR.TC004_NYR_SF_convertLeadToOpp" name="testB" time="159.566"/>
  <testcase classname="LendistryNYR.TC005_NYR_SF_EditUWToOpps" name="testB" time="350.279"/>
  <testcase classname="LendistryNYR.TC006_NYR_SF_ODSSVerification" name="testB" time="400.048"/>
  <testcase classname="LendistryNYR.TC007_NYR_LinkToBank" name="testB" time="363.101"/>
  <testcase classname="LendistryNYR.TC008_NYR_UW_BankStmtSummary" name="testB" time="105.19"/>
</testsuite> <!-- Lendistry test NYR Module_1 -->
