<?xml version="1.0" encoding="UTF-8"?>
<!-- Generated by org.testng.reporters.JUnitXMLReporter -->
<testsuite ignored="0" hostname="C40LAP-12601" failures="0" tests="8" name="Lendistry ACNPO Module_1" time="1655.809" errors="0" timestamp="2022-07-14T11:43:49 IST">
  <testcase classname="CRGAcNonProfit.TC001_ACNPO_CRG_NonProfit" name="testB" time="270.49"/>
  <testcase classname="CRGAcNonProfit.TC002_ACNPO_SF_LeadVerification" name="testB" time="115.693"/>
  <testcase classname="CRGAcNonProfit.TC003_ACNPO_SF_EditLead" name="testB" time="112.123"/>
  <testcase classname="CRGAcNonProfit.TC004_ACNPO_SF_convertLeadToOpp" name="testB" time="125.342"/>
  <testcase classname="CRGAcNonProfit.TC005_ACNPO_SF_EditUWToOpps" name="testB" time="340.264"/>
  <testcase classname="CRGAcNonProfit.TC006_ACNPO_SF_ODSSVerification" name="testB" time="335.379"/>
  <testcase classname="CRGAcNonProfit.TC007_ACNPO_CRG_LinkToBank" name="testB" time="261.351"/>
  <testcase classname="CRGAcNonProfit.TC008_ACNPO_UW_BankStmtSummary" name="testB" time="93.561"/>
</testsuite> <!-- Lendistry ACNPO Module_1 -->
